

Version:	3.9
CmdLine:	C:\Users\astad\Desktop\Muzica\Muzica.exe --l4j-debug
WOW64:		yes
Working dir:	C:\Users\astad\Desktop\Muzica\.
64-bit search:	SOFTWARE\JavaSoft\Java Runtime Environment...
Check:		SOFTWARE\JavaSoft\Java Runtime Environment\1.8
Ignore:		1.8
Check:		SOFTWARE\JavaSoft\Java Runtime Environment\1.8.0_192
Check launcher:	C:\Program Files\Java\jre1.8.0_192\bin\javaw.exe (OK)
Match:		1.8.0_192
64-bit search:	SOFTWARE\JavaSoft\Java Development Kit...
Runtime used:	1.8.0_192 (64-bit)
Launcher:	C:\Program Files\Java\jre1.8.0_192\bin\javaw.exe
Launcher args:	-jar "C:\Users\astad\Desktop\Muzica\Muzica.exe"
Args length:	47/32768 chars
Exit code:	0


Version:	3.9
CmdLine:	C:\Users\astad\Desktop\Muzica\Muzica.exe --l4j-debug
WOW64:		yes
Working dir:	C:\Users\astad\Desktop\Muzica\.
64-bit search:	SOFTWARE\JavaSoft\Java Runtime Environment...
Check:		SOFTWARE\JavaSoft\Java Runtime Environment\1.8
Ignore:		1.8
Check:		SOFTWARE\JavaSoft\Java Runtime Environment\1.8.0_192
Check launcher:	C:\Program Files\Java\jre1.8.0_192\bin\javaw.exe (OK)
Match:		1.8.0_192
64-bit search:	SOFTWARE\JavaSoft\Java Development Kit...
Runtime used:	1.8.0_192 (64-bit)
Launcher:	C:\Program Files\Java\jre1.8.0_192\bin\javaw.exe
Launcher args:	-jar "C:\Users\astad\Desktop\Muzica\Muzica.exe"
Args length:	47/32768 chars
Exit code:	0


Version:	3.9
CmdLine:	C:\Users\astad\Desktop\Muzica\Muzica.exe --l4j-debug
WOW64:		yes
Working dir:	C:\Users\astad\Desktop\Muzica\.
Bundled JRE:	C:\Program Files\Java\jdk-10.0.2
Check launcher:	C:\Program Files\Java\jdk-10.0.2\bin\javaw.exe (OK)
Launcher:	C:\Program Files\Java\jdk-10.0.2\bin\javaw.exe
Launcher args:	-jar "C:\Users\astad\Desktop\Muzica\Muzica.exe"
Args length:	47/32768 chars
Exit code:	0


Version:	3.9
CmdLine:	C:\Users\astad\Desktop\Muzica\Muzica.exe --l4j-debug
WOW64:		yes
Working dir:	C:\Users\astad\Desktop\Muzica\.
Bundled JRE:	C:\Program Files\Java\jdk-10.0.2
Check launcher:	C:\Program Files\Java\jdk-10.0.2\bin\javaw.exe (OK)
Launcher:	C:\Program Files\Java\jdk-10.0.2\bin\javaw.exe
Launcher args:	-jar "C:\Users\astad\Desktop\Muzica\Muzica.exe"
Args length:	47/32768 chars
Exit code:	0


Version:	3.9
CmdLine:	C:\Users\astad\Desktop\Muzica\Muzica.exe --l4j-debug
WOW64:		yes
Working dir:	C:\Users\astad\Desktop\Muzica\.
Bundled JRE:	C:\Program Files\Java\jdk-10.0.2
Check launcher:	C:\Program Files\Java\jdk-10.0.2\bin\javaw.exe (OK)
Launcher:	C:\Program Files\Java\jdk-10.0.2\bin\javaw.exe
Launcher args:	-jar "C:\Users\astad\Desktop\Muzica\Muzica.exe"
Args length:	47/32768 chars
Exit code:	0


Version:	3.9
CmdLine:	C:\Users\astad\Desktop\Muzica\Muzica.exe --l4j-debug
WOW64:		yes
Working dir:	C:\Users\astad\Desktop\Muzica\.
Bundled JRE:	C:\Program Files\Java\jdk-10.0.2
Check launcher:	C:\Program Files\Java\jdk-10.0.2\bin\javaw.exe (OK)
Launcher:	C:\Program Files\Java\jdk-10.0.2\bin\javaw.exe
Launcher args:	-jar "C:\Users\astad\Desktop\Muzica\Muzica.exe"
Args length:	47/32768 chars
Exit code:	0


Version:	3.9
CmdLine:	C:\Users\astad\Desktop\Muzica\Muzica.exe --l4j-debug
WOW64:		yes
Working dir:	C:\Users\astad\Desktop\Muzica\.
Bundled JRE:	C:\Program Files\Java\jdk-10.0.2
Check launcher:	C:\Program Files\Java\jdk-10.0.2\bin\javaw.exe (OK)
Launcher:	C:\Program Files\Java\jdk-10.0.2\bin\javaw.exe
Launcher args:	-jar "C:\Users\astad\Desktop\Muzica\Muzica.exe"
Args length:	47/32768 chars
Exit code:	0


Version:	3.9
CmdLine:	C:\Users\astad\Desktop\Muzica\Muzica.exe --l4j-debug
WOW64:		yes
Working dir:	C:\Users\astad\Desktop\Muzica\.
Bundled JRE:	C:\Program Files\Java\jdk-10.0.2
Check launcher:	C:\Program Files\Java\jdk-10.0.2\bin\javaw.exe (OK)
Launcher:	C:\Program Files\Java\jdk-10.0.2\bin\javaw.exe
Launcher args:	-jar "C:\Users\astad\Desktop\Muzica\Muzica.exe"
Args length:	47/32768 chars
Exit code:	0


Version:	3.9
CmdLine:	C:\Users\astad\Desktop\Java\Muzica\Muzica.exe --l4j-debug
WOW64:		yes
Working dir:	C:\Users\astad\Desktop\Java\Muzica\.
Bundled JRE:	C:\Program Files\Java\jdk-10.0.2
Check launcher:	C:\Program Files\Java\jdk-10.0.2\bin\javaw.exe (OK)
Launcher:	C:\Program Files\Java\jdk-10.0.2\bin\javaw.exe
Launcher args:	-jar "C:\Users\astad\Desktop\Java\Muzica\Muzica.exe"
Args length:	52/32768 chars
Exit code:	0
